MaskCollectionFile=.\maskland.msk
LegendsDir=.\legends
PalettesDir=..\..\thesis_python\map_comparison_kit\palettes
maps=.\ascmaps\map0.asc
maps=.\ascmaps\map1.asc
maps=.\ascmaps\map2.asc
maps=.\ascmaps\map3.asc
maps=.\ascmaps\map4.asc
maps=.\ascmaps\map5.asc
maps=.\ascmaps\map6.asc
maps=.\ascmaps\map7.asc
maps=.\ascmaps\map8.asc
maps=.\ascmaps\map9.asc
maps=.\ascmaps\map10.asc
maps=.\ascmaps\map11.asc
maps=.\ascmaps\map12.asc
maps=.\ascmaps\map13.asc
maps=.\ascmaps\map14.asc
maps=.\ascmaps\map15.asc
maps=.\ascmaps\map16.asc
maps=.\ascmaps\map17.asc
maps=.\ascmaps\map18.asc
maps=.\ascmaps\map19.asc
maps=.\ascmaps\map20.asc
maps=.\ascmaps\map21.asc
maps=.\ascmaps\map22.asc
maps=.\ascmaps\map23.asc
maps=.\ascmaps\map24.asc
maps=.\ascmaps\map25.asc
maps=.\ascmaps\map26.asc
maps=.\ascmaps\map27.asc
maps=.\ascmaps\map28.asc
maps=.\ascmaps\map29.asc
maps=.\ascmaps\map30.asc
maps=.\ascmaps\map31.asc
maps=.\ascmaps\map32.asc
maps=.\ascmaps\map33.asc
maps=.\ascmaps\map34.asc
maps=.\ascmaps\map35.asc
maps=.\ascmaps\map36.asc
maps=.\ascmaps\map37.asc
maps=.\ascmaps\map38.asc
maps=.\ascmaps\map39.asc
maps=.\ascmaps\map40.asc
maps=.\ascmaps\map41.asc
maps=.\ascmaps\map42.asc
maps=.\ascmaps\map43.asc
maps=.\ascmaps\map44.asc
maps=.\ascmaps\map45.asc
maps=.\ascmaps\map46.asc
maps=.\ascmaps\map47.asc
maps=.\ascmaps\map48.asc
maps=.\ascmaps\map49.asc
maps=.\ascmaps\map50.asc
maps=.\ascmaps\map51.asc
maps=.\ascmaps\map52.asc
maps=.\ascmaps\map53.asc
maps=.\ascmaps\map54.asc
maps=.\ascmaps\map55.asc
maps=.\ascmaps\map56.asc
maps=.\ascmaps\map57.asc
maps=.\ascmaps\map58.asc
maps=.\ascmaps\map59.asc
maps=.\ascmaps\map60.asc
maps=.\ascmaps\map61.asc
maps=.\ascmaps\map62.asc
maps=.\ascmaps\map63.asc
maps=.\ascmaps\map64.asc
maps=.\ascmaps\map65.asc
maps=.\ascmaps\map66.asc
maps=.\ascmaps\map67.asc
maps=.\ascmaps\map68.asc
maps=.\ascmaps\map69.asc
maps=.\ascmaps\map70.asc
maps=.\ascmaps\map71.asc
maps=.\ascmaps\map72.asc
maps=.\ascmaps\map73.asc
maps=.\ascmaps\map74.asc
maps=.\ascmaps\map75.asc
maps=.\ascmaps\map76.asc
maps=.\ascmaps\map77.asc
maps=.\ascmaps\map78.asc
maps=.\ascmaps\map79.asc
maps=.\ascmaps\map80.asc
maps=.\ascmaps\map81.asc
maps=.\ascmaps\map82.asc
maps=.\ascmaps\map83.asc
maps=.\ascmaps\map84.asc
maps=.\ascmaps\map85.asc
maps=.\ascmaps\map86.asc
maps=.\ascmaps\map87.asc
maps=.\ascmaps\map88.asc
maps=.\ascmaps\map89.asc
maps=.\ascmaps\map90.asc
maps=.\ascmaps\map91.asc
maps=.\ascmaps\map92.asc
maps=.\ascmaps\map93.asc
maps=.\ascmaps\map94.asc
maps=.\ascmaps\map95.asc
maps=.\ascmaps\map96.asc
maps=.\ascmaps\map97.asc
maps=.\ascmaps\map98.asc
maps=.\ascmaps\map99.asc
basemap=.\ascmaps\baseyear.asc
